Using pre-set license
Built from '2020.3/staging' branch; Version is '2020.3.11f1 (99c7afb366b3) revision 10078127'; Using compiler version '192528614'; Build Type 'Release'
OS: 'Windows 10 Home Single Language; OS build 19043.1165; Version 2009; 64bit' Language: 'pt' Physical Memory: 8075 MB
BatchMode: 1, IsHumanControllingUs: 0, StartBugReporterOnCrash: 0, Is64bit: 1, IsPro: 0

 COMMAND LINE ARGUMENTS:
D:\Unity\2020.3.11f1\Editor\Unity.exe
-adb2
-batchMode
-noUpm
-name
AssetImportWorker0
-projectPath
D:/CARMaps/CARMaps_TCC/CARMaps
-logFile
Logs/AssetImportWorker0.log
-srvPort
59672
Successfully changed project path to: D:/CARMaps/CARMaps_TCC/CARMaps
D:/CARMaps/CARMaps_TCC/CARMaps
Using Asset Import Pipeline V2.
Refreshing native plugins compatible for Editor in 56.59 ms, found 0 plugins.
Preloading 0 native plugins for Editor in 0.00 ms.
Initialize engine version: 2020.3.11f1 (99c7afb366b3)
[Subsystems] Discovering subsystems at path D:/Unity/2020.3.11f1/Editor/Data/Resources/UnitySubsystems
[Subsystems] Discovering subsystems at path D:/CARMaps/CARMaps_TCC/CARMaps/Assets
GfxDevice: creating device client; threaded=0
Direct3D:
    Version:  Direct3D 11.0 [level 11.1]
    Renderer: NVIDIA GeForce GTX 1050 (ID=0x1c8d)
    Vendor:   
    VRAM:     4019 MB
    Driver:   26.21.14.4166
Initialize mono
Mono path[0] = 'D:/Unity/2020.3.11f1/Editor/Data/Managed'
Mono path[1] = 'D:/Unity/2020.3.11f1/Editor/Data/MonoBleedingEdge/lib/mono/unityjit'
Mono config path = 'D:/Unity/2020.3.11f1/Editor/Data/MonoBleedingEdge/etc'
Using monoOptions --debugger-agent=transport=dt_socket,embedding=1,server=y,suspend=n,address=127.0.0.1:56936
Begin MonoManager ReloadAssembly
Registering precompiled unity dll's ...
Register platform support module: D:/Unity/2020.3.11f1/Editor/Data/PlaybackEngines/WebGLSupport/UnityEditor.WebGL.Extensions.dll
Register platform support module: D:/Unity/2020.3.11f1/Editor/Data/PlaybackEngines/WindowsStandaloneSupport/UnityEditor.WindowsStandalone.Extensions.dll
Register platform support module: D:/Unity/2020.3.11f1/Editor/Data/PlaybackEngines/LinuxStandaloneSupport/UnityEditor.LinuxStandalone.Extensions.dll
Registered in 0.001570 seconds.
Native extension for LinuxStandalone target not found
Native extension for WindowsStandalone target not found
Native extension for WebGL target not found
Refreshing native plugins compatible for Editor in 46.68 ms, found 0 plugins.
Preloading 0 native plugins for Editor in 0.00 ms.
Mono: successfully reloaded assembly
- Completed reload, in  1.805 seconds
Platform modules already initialized, skipping
Registering precompiled user dll's ...
Registered in 0.001303 seconds.
Begin MonoManager ReloadAssembly
Native extension for LinuxStandalone target not found
Native extension for WindowsStandalone target not found
Native extension for WebGL target not found
Refreshing native plugins compatible for Editor in 44.83 ms, found 0 plugins.
Preloading 0 native plugins for Editor in 0.00 ms.
Mono: successfully reloaded assembly
- Completed reload, in  1.245 seconds
Platform modules already initialized, skipping
========================================================================
Worker process is ready to serve import requests
Launched and connected shader compiler UnityShaderCompiler.exe after 0.58 seconds
Refreshing native plugins compatible for Editor in 1.39 ms, found 0 plugins.
Preloading 0 native plugins for Editor in 0.00 ms.
Unloading 1741 Unused Serialized files (Serialized files now loaded: 0)
System memory in use before: 84.9 MB.
System memory in use after: 84.9 MB.

Unloading 21 unused Assets to reduce memory usage. Loaded Objects now: 2184.
Total: 2.288300 ms (FindLiveObjects: 0.198900 ms CreateObjectMapping: 0.059800 ms MarkObjects: 1.895800 ms  DeleteObjects: 0.132800 ms)

========================================================================
Received Import Request.
  path: Assets/Scripts/EditorScene/TouchInputPinMovement.cs
  artifactKey: Guid(1a1a48904e30c484196334258e64cb63) Importer(815301076,1909f56bfc062723c751e8b465ee728b)
Start importing Assets/Scripts/EditorScene/TouchInputPinMovement.cs using Guid(1a1a48904e30c484196334258e64cb63) Importer(815301076,1909f56bfc062723c751e8b465ee728b)  -> (artifact id: '29cad626f6691fb053a3eb13e9e29a09') in 0.491867 seconds
  Import took 0.580898 seconds .

========================================================================
Received Prepare
Registering precompiled user dll's ...
Registered in 0.000678 seconds.
Begin MonoManager ReloadAssembly
Native extension for LinuxStandalone target not found
Native extension for WindowsStandalone target not found
Native extension for WebGL target not found
Refreshing native plugins compatible for Editor in 0.73 ms, found 0 plugins.
Preloading 0 native plugins for Editor in 0.00 ms.
Mono: successfully reloaded assembly
- Completed reload, in  1.147 seconds
Platform modules already initialized, skipping
Switching build target platform(19) subTarget(0) extendedPlatform(0) -> platform(13) subTarget(589824) extendedPlatform(0)
Refreshing native plugins compatible for Editor in 0.57 ms, found 0 plugins.
Preloading 0 native plugins for Editor in 0.00 ms.
Unloading 1706 Unused Serialized files (Serialized files now loaded: 0)
System memory in use before: 81.7 MB.
System memory in use after: 81.8 MB.

Unloading 14 unused Assets to reduce memory usage. Loaded Objects now: 2188.
Total: 2.500700 ms (FindLiveObjects: 0.186000 ms CreateObjectMapping: 0.058500 ms MarkObjects: 2.167900 ms  DeleteObjects: 0.087100 ms)

AssetImportParameters requested are different than current active one (requested -> active):
  custom:graphics/normal-map-encoding: 01000000000000000000000000000000 -> 02000000000000000000000000000000
========================================================================
Received Prepare
Registering precompiled user dll's ...
Registered in 0.000803 seconds.
Begin MonoManager ReloadAssembly
Native extension for LinuxStandalone target not found
Native extension for WindowsStandalone target not found
Native extension for WebGL target not found
Refreshing native plugins compatible for Editor in 0.42 ms, found 0 plugins.
Preloading 0 native plugins for Editor in 0.00 ms.
Mono: successfully reloaded assembly
- Completed reload, in  1.126 seconds
Platform modules already initialized, skipping
Switching build target platform(19) subTarget(0) extendedPlatform(0) -> platform(13) subTarget(589824) extendedPlatform(0)
Refreshing native plugins compatible for Editor in 0.49 ms, found 0 plugins.
Preloading 0 native plugins for Editor in 0.00 ms.
Unloading 1706 Unused Serialized files (Serialized files now loaded: 0)
System memory in use before: 81.7 MB.
System memory in use after: 81.8 MB.

Unloading 14 unused Assets to reduce memory usage. Loaded Objects now: 2192.
Total: 2.282800 ms (FindLiveObjects: 0.172900 ms CreateObjectMapping: 0.058700 ms MarkObjects: 1.985400 ms  DeleteObjects: 0.064700 ms)

AssetImportParameters requested are different than current active one (requested -> active):
  custom:graphics/normal-map-encoding: 01000000000000000000000000000000 -> 02000000000000000000000000000000
========================================================================
Received Prepare
Registering precompiled user dll's ...
Registered in 0.000786 seconds.
Begin MonoManager ReloadAssembly
Native extension for LinuxStandalone target not found
Native extension for WindowsStandalone target not found
Native extension for WebGL target not found
Refreshing native plugins compatible for Editor in 0.51 ms, found 0 plugins.
Preloading 0 native plugins for Editor in 0.00 ms.
Mono: successfully reloaded assembly
- Completed reload, in  1.060 seconds
Platform modules already initialized, skipping
Switching build target platform(19) subTarget(0) extendedPlatform(0) -> platform(13) subTarget(589824) extendedPlatform(0)
Refreshing native plugins compatible for Editor in 0.42 ms, found 0 plugins.
Preloading 0 native plugins for Editor in 0.00 ms.
Unloading 1706 Unused Serialized files (Serialized files now loaded: 0)
System memory in use before: 81.8 MB.
System memory in use after: 81.8 MB.

Unloading 14 unused Assets to reduce memory usage. Loaded Objects now: 2196.
Total: 2.328600 ms (FindLiveObjects: 0.171600 ms CreateObjectMapping: 0.057800 ms MarkObjects: 2.011800 ms  DeleteObjects: 0.086400 ms)

AssetImportParameters requested are different than current active one (requested -> active):
  custom:graphics/normal-map-encoding: 01000000000000000000000000000000 -> 02000000000000000000000000000000
========================================================================
Received Prepare
Registering precompiled user dll's ...
Registered in 0.001146 seconds.
Begin MonoManager ReloadAssembly
Native extension for LinuxStandalone target not found
Native extension for WindowsStandalone target not found
Native extension for WebGL target not found
Refreshing native plugins compatible for Editor in 0.78 ms, found 0 plugins.
Preloading 0 native plugins for Editor in 0.00 ms.
Mono: successfully reloaded assembly
- Completed reload, in  1.086 seconds
Platform modules already initialized, skipping
Switching build target platform(19) subTarget(0) extendedPlatform(0) -> platform(13) subTarget(589824) extendedPlatform(0)
Refreshing native plugins compatible for Editor in 0.41 ms, found 0 plugins.
Preloading 0 native plugins for Editor in 0.00 ms.
Unloading 1706 Unused Serialized files (Serialized files now loaded: 0)
System memory in use before: 81.8 MB.
System memory in use after: 81.9 MB.

Unloading 14 unused Assets to reduce memory usage. Loaded Objects now: 2200.
Total: 2.548100 ms (FindLiveObjects: 0.216100 ms CreateObjectMapping: 0.054400 ms MarkObjects: 2.185100 ms  DeleteObjects: 0.091500 ms)

AssetImportParameters requested are different than current active one (requested -> active):
  custom:graphics/normal-map-encoding: 01000000000000000000000000000000 -> 02000000000000000000000000000000
========================================================================
Received Prepare
Registering precompiled user dll's ...
Registered in 0.000709 seconds.
Begin MonoManager ReloadAssembly
Native extension for LinuxStandalone target not found
Native extension for WindowsStandalone target not found
Native extension for WebGL target not found
Refreshing native plugins compatible for Editor in 0.60 ms, found 0 plugins.
Preloading 0 native plugins for Editor in 0.00 ms.
Mono: successfully reloaded assembly
- Completed reload, in  1.051 seconds
Platform modules already initialized, skipping
Switching build target platform(19) subTarget(0) extendedPlatform(0) -> platform(13) subTarget(589824) extendedPlatform(0)
Refreshing native plugins compatible for Editor in 0.68 ms, found 0 plugins.
Preloading 0 native plugins for Editor in 0.00 ms.
Unloading 1706 Unused Serialized files (Serialized files now loaded: 0)
System memory in use before: 81.8 MB.
System memory in use after: 81.9 MB.

Unloading 14 unused Assets to reduce memory usage. Loaded Objects now: 2204.
Total: 2.710400 ms (FindLiveObjects: 0.181300 ms CreateObjectMapping: 0.059500 ms MarkObjects: 2.416500 ms  DeleteObjects: 0.051600 ms)

AssetImportParameters requested are different than current active one (requested -> active):
  custom:graphics/normal-map-encoding: 01000000000000000000000000000000 -> 02000000000000000000000000000000
========================================================================
Received Prepare
Registering precompiled user dll's ...
Registered in 0.000869 seconds.
Begin MonoManager ReloadAssembly
Native extension for LinuxStandalone target not found
Native extension for WindowsStandalone target not found
Native extension for WebGL target not found
Refreshing native plugins compatible for Editor in 0.42 ms, found 0 plugins.
Preloading 0 native plugins for Editor in 0.00 ms.
Mono: successfully reloaded assembly
- Completed reload, in  1.048 seconds
Platform modules already initialized, skipping
Switching build target platform(19) subTarget(0) extendedPlatform(0) -> platform(13) subTarget(589824) extendedPlatform(0)
Refreshing native plugins compatible for Editor in 0.49 ms, found 0 plugins.
Preloading 0 native plugins for Editor in 0.00 ms.
Unloading 1706 Unused Serialized files (Serialized files now loaded: 0)
System memory in use before: 81.8 MB.
System memory in use after: 81.9 MB.

Unloading 14 unused Assets to reduce memory usage. Loaded Objects now: 2208.
Total: 2.914900 ms (FindLiveObjects: 0.247800 ms CreateObjectMapping: 0.124200 ms MarkObjects: 2.485500 ms  DeleteObjects: 0.055800 ms)

AssetImportParameters requested are different than current active one (requested -> active):
  custom:graphics/normal-map-encoding: 01000000000000000000000000000000 -> 02000000000000000000000000000000
========================================================================
Received Prepare
Registering precompiled user dll's ...
Registered in 0.001136 seconds.
Begin MonoManager ReloadAssembly
Native extension for LinuxStandalone target not found
Native extension for WindowsStandalone target not found
Native extension for WebGL target not found
Refreshing native plugins compatible for Editor in 0.48 ms, found 0 plugins.
Preloading 0 native plugins for Editor in 0.00 ms.
Mono: successfully reloaded assembly
- Completed reload, in  1.103 seconds
Platform modules already initialized, skipping
Switching build target platform(19) subTarget(0) extendedPlatform(0) -> platform(13) subTarget(589824) extendedPlatform(0)
Refreshing native plugins compatible for Editor in 0.48 ms, found 0 plugins.
Preloading 0 native plugins for Editor in 0.00 ms.
Unloading 1706 Unused Serialized files (Serialized files now loaded: 0)
System memory in use before: 81.8 MB.
System memory in use after: 81.9 MB.

Unloading 14 unused Assets to reduce memory usage. Loaded Objects now: 2212.
Total: 2.941500 ms (FindLiveObjects: 0.318900 ms CreateObjectMapping: 0.131400 ms MarkObjects: 2.427300 ms  DeleteObjects: 0.062800 ms)

AssetImportParameters requested are different than current active one (requested -> active):
  custom:graphics/normal-map-encoding: 01000000000000000000000000000000 -> 02000000000000000000000000000000
========================================================================
Received Prepare
Registering precompiled user dll's ...
Registered in 0.000763 seconds.
Begin MonoManager ReloadAssembly
Native extension for LinuxStandalone target not found
Native extension for WindowsStandalone target not found
Native extension for WebGL target not found
Refreshing native plugins compatible for Editor in 0.44 ms, found 0 plugins.
Preloading 0 native plugins for Editor in 0.00 ms.
Mono: successfully reloaded assembly
- Completed reload, in  1.078 seconds
Platform modules already initialized, skipping
Switching build target platform(19) subTarget(0) extendedPlatform(0) -> platform(13) subTarget(589824) extendedPlatform(0)
Refreshing native plugins compatible for Editor in 0.44 ms, found 0 plugins.
Preloading 0 native plugins for Editor in 0.00 ms.
Unloading 1706 Unused Serialized files (Serialized files now loaded: 0)
System memory in use before: 81.8 MB.
System memory in use after: 81.9 MB.

Unloading 14 unused Assets to reduce memory usage. Loaded Objects now: 2216.
Total: 2.711800 ms (FindLiveObjects: 0.271600 ms CreateObjectMapping: 0.086900 ms MarkObjects: 2.275200 ms  DeleteObjects: 0.076800 ms)

AssetImportParameters requested are different than current active one (requested -> active):
  custom:graphics/normal-map-encoding: 01000000000000000000000000000000 -> 02000000000000000000000000000000
========================================================================
Received Prepare
Registering precompiled user dll's ...
Registered in 0.000768 seconds.
Begin MonoManager ReloadAssembly
Native extension for LinuxStandalone target not found
Native extension for WindowsStandalone target not found
Native extension for WebGL target not found
Refreshing native plugins compatible for Editor in 0.43 ms, found 0 plugins.
Preloading 0 native plugins for Editor in 0.00 ms.
Mono: successfully reloaded assembly
- Completed reload, in  1.016 seconds
Platform modules already initialized, skipping
Switching build target platform(19) subTarget(0) extendedPlatform(0) -> platform(13) subTarget(589824) extendedPlatform(0)
Refreshing native plugins compatible for Editor in 0.42 ms, found 0 plugins.
Preloading 0 native plugins for Editor in 0.00 ms.
Unloading 1706 Unused Serialized files (Serialized files now loaded: 0)
System memory in use before: 81.8 MB.
System memory in use after: 81.9 MB.

Unloading 14 unused Assets to reduce memory usage. Loaded Objects now: 2220.
Total: 4.741000 ms (FindLiveObjects: 0.249200 ms CreateObjectMapping: 0.070900 ms MarkObjects: 4.188500 ms  DeleteObjects: 0.231300 ms)

AssetImportParameters requested are different than current active one (requested -> active):
  custom:graphics/normal-map-encoding: 01000000000000000000000000000000 -> 02000000000000000000000000000000
========================================================================
Received Prepare
Registering precompiled user dll's ...
Registered in 0.000768 seconds.
Begin MonoManager ReloadAssembly
Native extension for LinuxStandalone target not found
Native extension for WindowsStandalone target not found
Native extension for WebGL target not found
Refreshing native plugins compatible for Editor in 0.42 ms, found 0 plugins.
Preloading 0 native plugins for Editor in 0.00 ms.
Mono: successfully reloaded assembly
- Completed reload, in  1.081 seconds
Platform modules already initialized, skipping
Switching build target platform(19) subTarget(0) extendedPlatform(0) -> platform(13) subTarget(589824) extendedPlatform(0)
Refreshing native plugins compatible for Editor in 0.48 ms, found 0 plugins.
Preloading 0 native plugins for Editor in 0.00 ms.
Unloading 1706 Unused Serialized files (Serialized files now loaded: 0)
System memory in use before: 81.8 MB.
System memory in use after: 81.9 MB.

Unloading 14 unused Assets to reduce memory usage. Loaded Objects now: 2224.
Total: 2.120400 ms (FindLiveObjects: 0.190100 ms CreateObjectMapping: 0.059500 ms MarkObjects: 1.835600 ms  DeleteObjects: 0.034000 ms)

AssetImportParameters requested are different than current active one (requested -> active):
  custom:graphics/normal-map-encoding: 01000000000000000000000000000000 -> 02000000000000000000000000000000
========================================================================
Received Prepare
Registering precompiled user dll's ...
Registered in 0.000806 seconds.
Begin MonoManager ReloadAssembly
Native extension for LinuxStandalone target not found
Native extension for WindowsStandalone target not found
Native extension for WebGL target not found
Refreshing native plugins compatible for Editor in 0.44 ms, found 0 plugins.
Preloading 0 native plugins for Editor in 0.00 ms.
Mono: successfully reloaded assembly
- Completed reload, in  1.018 seconds
Platform modules already initialized, skipping
Switching build target platform(19) subTarget(0) extendedPlatform(0) -> platform(13) subTarget(589824) extendedPlatform(0)
Refreshing native plugins compatible for Editor in 0.48 ms, found 0 plugins.
Preloading 0 native plugins for Editor in 0.00 ms.
Unloading 1706 Unused Serialized files (Serialized files now loaded: 0)
System memory in use before: 81.8 MB.
System memory in use after: 81.9 MB.

Unloading 14 unused Assets to reduce memory usage. Loaded Objects now: 2228.
Total: 2.502500 ms (FindLiveObjects: 0.189500 ms CreateObjectMapping: 0.066000 ms MarkObjects: 2.170800 ms  DeleteObjects: 0.075100 ms)

AssetImportParameters requested are different than current active one (requested -> active):
  custom:graphics/normal-map-encoding: 01000000000000000000000000000000 -> 02000000000000000000000000000000
========================================================================
Received Prepare
Registering precompiled user dll's ...
Registered in 0.000896 seconds.
Begin MonoManager ReloadAssembly
Native extension for LinuxStandalone target not found
Native extension for WindowsStandalone target not found
Native extension for WebGL target not found
Refreshing native plugins compatible for Editor in 0.61 ms, found 0 plugins.
Preloading 0 native plugins for Editor in 0.00 ms.
Mono: successfully reloaded assembly
- Completed reload, in  1.054 seconds
Platform modules already initialized, skipping
Switching build target platform(19) subTarget(0) extendedPlatform(0) -> platform(13) subTarget(589824) extendedPlatform(0)
Refreshing native plugins compatible for Editor in 0.49 ms, found 0 plugins.
Preloading 0 native plugins for Editor in 0.00 ms.
Unloading 1706 Unused Serialized files (Serialized files now loaded: 0)
System memory in use before: 81.8 MB.
System memory in use after: 81.9 MB.

Unloading 14 unused Assets to reduce memory usage. Loaded Objects now: 2232.
Total: 2.325600 ms (FindLiveObjects: 0.183500 ms CreateObjectMapping: 0.050300 ms MarkObjects: 2.059200 ms  DeleteObjects: 0.031600 ms)

AssetImportParameters requested are different than current active one (requested -> active):
  custom:graphics/normal-map-encoding: 01000000000000000000000000000000 -> 02000000000000000000000000000000
========================================================================
Received Prepare
Registering precompiled user dll's ...
Registered in 0.001213 seconds.
Begin MonoManager ReloadAssembly
Native extension for LinuxStandalone target not found
Native extension for WindowsStandalone target not found
Native extension for WebGL target not found
Refreshing native plugins compatible for Editor in 0.60 ms, found 0 plugins.
Preloading 0 native plugins for Editor in 0.00 ms.
Mono: successfully reloaded assembly
- Completed reload, in  1.095 seconds
Platform modules already initialized, skipping
Switching build target platform(19) subTarget(0) extendedPlatform(0) -> platform(13) subTarget(589824) extendedPlatform(0)
Refreshing native plugins compatible for Editor in 0.51 ms, found 0 plugins.
Preloading 0 native plugins for Editor in 0.00 ms.
Unloading 1706 Unused Serialized files (Serialized files now loaded: 0)
System memory in use before: 81.9 MB.
System memory in use after: 82.0 MB.

Unloading 14 unused Assets to reduce memory usage. Loaded Objects now: 2236.
Total: 2.408500 ms (FindLiveObjects: 0.171800 ms CreateObjectMapping: 0.059100 ms MarkObjects: 2.125600 ms  DeleteObjects: 0.050800 ms)

AssetImportParameters requested are different than current active one (requested -> active):
  custom:graphics/normal-map-encoding: 01000000000000000000000000000000 -> 02000000000000000000000000000000
========================================================================
Received Prepare
Registering precompiled user dll's ...
Registered in 0.001557 seconds.
Begin MonoManager ReloadAssembly
Native extension for LinuxStandalone target not found
Native extension for WindowsStandalone target not found
Native extension for WebGL target not found
Refreshing native plugins compatible for Editor in 0.85 ms, found 0 plugins.
Preloading 0 native plugins for Editor in 0.00 ms.
Mono: successfully reloaded assembly
- Completed reload, in  1.181 seconds
Platform modules already initialized, skipping
Switching build target platform(19) subTarget(0) extendedPlatform(0) -> platform(13) subTarget(589824) extendedPlatform(0)
Refreshing native plugins compatible for Editor in 0.52 ms, found 0 plugins.
Preloading 0 native plugins for Editor in 0.00 ms.
Unloading 1706 Unused Serialized files (Serialized files now loaded: 0)
System memory in use before: 82.0 MB.
System memory in use after: 82.0 MB.

Unloading 14 unused Assets to reduce memory usage. Loaded Objects now: 2240.
Total: 3.069600 ms (FindLiveObjects: 0.270900 ms CreateObjectMapping: 0.094300 ms MarkObjects: 2.638900 ms  DeleteObjects: 0.064200 ms)

AssetImportParameters requested are different than current active one (requested -> active):
  custom:graphics/normal-map-encoding: 01000000000000000000000000000000 -> 02000000000000000000000000000000
========================================================================
Received Prepare
Registering precompiled user dll's ...
Registered in 0.001150 seconds.
Begin MonoManager ReloadAssembly
Native extension for LinuxStandalone target not found
Native extension for WindowsStandalone target not found
Native extension for WebGL target not found
Refreshing native plugins compatible for Editor in 0.42 ms, found 0 plugins.
Preloading 0 native plugins for Editor in 0.00 ms.
Mono: successfully reloaded assembly
- Completed reload, in  1.036 seconds
Platform modules already initialized, skipping
Switching build target platform(19) subTarget(0) extendedPlatform(0) -> platform(13) subTarget(589824) extendedPlatform(0)
Refreshing native plugins compatible for Editor in 0.47 ms, found 0 plugins.
Preloading 0 native plugins for Editor in 0.00 ms.
Unloading 1706 Unused Serialized files (Serialized files now loaded: 0)
System memory in use before: 82.0 MB.
System memory in use after: 82.1 MB.

Unloading 14 unused Assets to reduce memory usage. Loaded Objects now: 2244.
Total: 2.862600 ms (FindLiveObjects: 0.291700 ms CreateObjectMapping: 0.087800 ms MarkObjects: 2.338400 ms  DeleteObjects: 0.143800 ms)

AssetImportParameters requested are different than current active one (requested -> active):
  custom:graphics/normal-map-encoding: 01000000000000000000000000000000 -> 02000000000000000000000000000000
========================================================================
Received Prepare
Registering precompiled user dll's ...
Registered in 0.000754 seconds.
Begin MonoManager ReloadAssembly
Native extension for LinuxStandalone target not found
Native extension for WindowsStandalone target not found
Native extension for WebGL target not found
Refreshing native plugins compatible for Editor in 0.58 ms, found 0 plugins.
Preloading 0 native plugins for Editor in 0.00 ms.
Mono: successfully reloaded assembly
- Completed reload, in  1.091 seconds
Platform modules already initialized, skipping
Switching build target platform(19) subTarget(0) extendedPlatform(0) -> platform(13) subTarget(589824) extendedPlatform(0)
Refreshing native plugins compatible for Editor in 0.41 ms, found 0 plugins.
Preloading 0 native plugins for Editor in 0.00 ms.
Unloading 1706 Unused Serialized files (Serialized files now loaded: 0)
System memory in use before: 82.0 MB.
System memory in use after: 82.1 MB.

Unloading 14 unused Assets to reduce memory usage. Loaded Objects now: 2248.
Total: 2.494500 ms (FindLiveObjects: 0.370100 ms CreateObjectMapping: 0.061400 ms MarkObjects: 1.973000 ms  DeleteObjects: 0.088700 ms)

AssetImportParameters requested are different than current active one (requested -> active):
  custom:graphics/normal-map-encoding: 01000000000000000000000000000000 -> 02000000000000000000000000000000
========================================================================
Received Prepare
Registering precompiled user dll's ...
Registered in 0.001327 seconds.
Begin MonoManager ReloadAssembly
Native extension for LinuxStandalone target not found
Native extension for WindowsStandalone target not found
Native extension for WebGL target not found
Refreshing native plugins compatible for Editor in 0.74 ms, found 0 plugins.
Preloading 0 native plugins for Editor in 0.00 ms.
Mono: successfully reloaded assembly
- Completed reload, in  1.611 seconds
Platform modules already initialized, skipping
Switching build target platform(19) subTarget(0) extendedPlatform(0) -> platform(13) subTarget(589824) extendedPlatform(0)
Refreshing native plugins compatible for Editor in 1.28 ms, found 0 plugins.
Preloading 0 native plugins for Editor in 0.00 ms.
Unloading 1706 Unused Serialized files (Serialized files now loaded: 0)
System memory in use before: 82.0 MB.
System memory in use after: 82.1 MB.

Unloading 14 unused Assets to reduce memory usage. Loaded Objects now: 2252.
Total: 6.149600 ms (FindLiveObjects: 0.328400 ms CreateObjectMapping: 0.139700 ms MarkObjects: 5.608600 ms  DeleteObjects: 0.070700 ms)

AssetImportParameters requested are different than current active one (requested -> active):
  custom:graphics/normal-map-encoding: 01000000000000000000000000000000 -> 02000000000000000000000000000000
========================================================================
Received Prepare
Registering precompiled user dll's ...
Registered in 0.000910 seconds.
Begin MonoManager ReloadAssembly
Native extension for LinuxStandalone target not found
Native extension for WindowsStandalone target not found
Native extension for WebGL target not found
Refreshing native plugins compatible for Editor in 0.45 ms, found 0 plugins.
Preloading 0 native plugins for Editor in 0.00 ms.
Mono: successfully reloaded assembly
- Completed reload, in  1.123 seconds
Platform modules already initialized, skipping
Switching build target platform(19) subTarget(0) extendedPlatform(0) -> platform(13) subTarget(589824) extendedPlatform(0)
Refreshing native plugins compatible for Editor in 0.42 ms, found 0 plugins.
Preloading 0 native plugins for Editor in 0.00 ms.
Unloading 1706 Unused Serialized files (Serialized files now loaded: 0)
System memory in use before: 82.0 MB.
System memory in use after: 82.1 MB.

Unloading 14 unused Assets to reduce memory usage. Loaded Objects now: 2256.
Total: 2.412500 ms (FindLiveObjects: 0.229300 ms CreateObjectMapping: 0.079400 ms MarkObjects: 2.043700 ms  DeleteObjects: 0.058900 ms)

AssetImportParameters requested are different than current active one (requested -> active):
  custom:graphics/normal-map-encoding: 01000000000000000000000000000000 -> 02000000000000000000000000000000
========================================================================
Received Prepare
Registering precompiled user dll's ...
Registered in 0.000816 seconds.
Begin MonoManager ReloadAssembly
Native extension for LinuxStandalone target not found
Native extension for WindowsStandalone target not found
Native extension for WebGL target not found
Refreshing native plugins compatible for Editor in 0.56 ms, found 0 plugins.
Preloading 0 native plugins for Editor in 0.00 ms.
Mono: successfully reloaded assembly
- Completed reload, in  1.383 seconds
Platform modules already initialized, skipping
Switching build target platform(19) subTarget(0) extendedPlatform(0) -> platform(13) subTarget(589824) extendedPlatform(0)
Refreshing native plugins compatible for Editor in 0.43 ms, found 0 plugins.
Preloading 0 native plugins for Editor in 0.00 ms.
Unloading 1706 Unused Serialized files (Serialized files now loaded: 0)
System memory in use before: 82.0 MB.
System memory in use after: 82.1 MB.

Unloading 14 unused Assets to reduce memory usage. Loaded Objects now: 2260.
Total: 3.127800 ms (FindLiveObjects: 0.289000 ms CreateObjectMapping: 0.058500 ms MarkObjects: 2.651500 ms  DeleteObjects: 0.127700 ms)

AssetImportParameters requested are different than current active one (requested -> active):
  custom:graphics/normal-map-encoding: 01000000000000000000000000000000 -> 02000000000000000000000000000000
========================================================================
Received Prepare
Registering precompiled user dll's ...
Registered in 0.000822 seconds.
Begin MonoManager ReloadAssembly
Native extension for LinuxStandalone target not found
Native extension for WindowsStandalone target not found
Native extension for WebGL target not found
Refreshing native plugins compatible for Editor in 0.48 ms, found 0 plugins.
Preloading 0 native plugins for Editor in 0.00 ms.
Mono: successfully reloaded assembly
- Completed reload, in  1.083 seconds
Platform modules already initialized, skipping
Switching build target platform(19) subTarget(0) extendedPlatform(0) -> platform(13) subTarget(589824) extendedPlatform(0)
Refreshing native plugins compatible for Editor in 0.41 ms, found 0 plugins.
Preloading 0 native plugins for Editor in 0.00 ms.
Unloading 1706 Unused Serialized files (Serialized files now loaded: 0)
System memory in use before: 82.0 MB.
System memory in use after: 82.1 MB.

Unloading 14 unused Assets to reduce memory usage. Loaded Objects now: 2264.
Total: 2.906800 ms (FindLiveObjects: 0.237200 ms CreateObjectMapping: 0.110800 ms MarkObjects: 2.466500 ms  DeleteObjects: 0.091300 ms)

AssetImportParameters requested are different than current active one (requested -> active):
  custom:graphics/normal-map-encoding: 01000000000000000000000000000000 -> 02000000000000000000000000000000
========================================================================
Received Prepare
Registering precompiled user dll's ...
Registered in 0.000809 seconds.
Begin MonoManager ReloadAssembly
Native extension for LinuxStandalone target not found
Native extension for WindowsStandalone target not found
Native extension for WebGL target not found
Refreshing native plugins compatible for Editor in 0.56 ms, found 0 plugins.
Preloading 0 native plugins for Editor in 0.00 ms.
Mono: successfully reloaded assembly
- Completed reload, in  1.193 seconds
Platform modules already initialized, skipping
Switching build target platform(19) subTarget(0) extendedPlatform(0) -> platform(13) subTarget(589824) extendedPlatform(0)
Refreshing native plugins compatible for Editor in 0.72 ms, found 0 plugins.
Preloading 0 native plugins for Editor in 0.00 ms.
Unloading 1706 Unused Serialized files (Serialized files now loaded: 0)
System memory in use before: 82.0 MB.
System memory in use after: 82.1 MB.

Unloading 14 unused Assets to reduce memory usage. Loaded Objects now: 2268.
Total: 2.317000 ms (FindLiveObjects: 0.182500 ms CreateObjectMapping: 0.135200 ms MarkObjects: 1.945400 ms  DeleteObjects: 0.052800 ms)

AssetImportParameters requested are different than current active one (requested -> active):
  custom:graphics/normal-map-encoding: 01000000000000000000000000000000 -> 02000000000000000000000000000000
========================================================================
Received Prepare
Registering precompiled user dll's ...
Registered in 0.000766 seconds.
Begin MonoManager ReloadAssembly
Native extension for LinuxStandalone target not found
Native extension for WindowsStandalone target not found
Native extension for WebGL target not found
Refreshing native plugins compatible for Editor in 1.34 ms, found 0 plugins.
Preloading 0 native plugins for Editor in 0.00 ms.
Mono: successfully reloaded assembly
- Completed reload, in  1.138 seconds
Platform modules already initialized, skipping
Switching build target platform(19) subTarget(0) extendedPlatform(0) -> platform(13) subTarget(589824) extendedPlatform(0)
Refreshing native plugins compatible for Editor in 0.41 ms, found 0 plugins.
Preloading 0 native plugins for Editor in 0.00 ms.
Unloading 1706 Unused Serialized files (Serialized files now loaded: 0)
System memory in use before: 82.0 MB.
System memory in use after: 82.1 MB.

Unloading 14 unused Assets to reduce memory usage. Loaded Objects now: 2272.
Total: 3.660000 ms (FindLiveObjects: 0.345200 ms CreateObjectMapping: 0.099000 ms MarkObjects: 3.159200 ms  DeleteObjects: 0.054000 ms)

AssetImportParameters requested are different than current active one (requested -> active):
  custom:graphics/normal-map-encoding: 01000000000000000000000000000000 -> 02000000000000000000000000000000
========================================================================
Received Prepare
Registering precompiled user dll's ...
Registered in 0.000791 seconds.
Begin MonoManager ReloadAssembly
Native extension for LinuxStandalone target not found
Native extension for WindowsStandalone target not found
Native extension for WebGL target not found
Refreshing native plugins compatible for Editor in 0.54 ms, found 0 plugins.
Preloading 0 native plugins for Editor in 0.00 ms.
Mono: successfully reloaded assembly
- Completed reload, in  1.004 seconds
Platform modules already initialized, skipping
Switching build target platform(19) subTarget(0) extendedPlatform(0) -> platform(13) subTarget(589824) extendedPlatform(0)
Refreshing native plugins compatible for Editor in 0.41 ms, found 0 plugins.
Preloading 0 native plugins for Editor in 0.00 ms.
Unloading 1706 Unused Serialized files (Serialized files now loaded: 0)
System memory in use before: 82.0 MB.
System memory in use after: 82.1 MB.

Unloading 14 unused Assets to reduce memory usage. Loaded Objects now: 2276.
Total: 3.008700 ms (FindLiveObjects: 0.225700 ms CreateObjectMapping: 0.066400 ms MarkObjects: 2.630600 ms  DeleteObjects: 0.084100 ms)

AssetImportParameters requested are different than current active one (requested -> active):
  custom:graphics/normal-map-encoding: 01000000000000000000000000000000 -> 02000000000000000000000000000000
========================================================================
Received Import Request.
  Time since last request: 17180.844308 seconds.
  path: Assets/Scripts/EditorScene/PinchZoomMap.cs
  artifactKey: Guid(f0f7f3431b438ad4295feb161a37307b) Importer(815301076,1909f56bfc062723c751e8b465ee728b)
Start importing Assets/Scripts/EditorScene/PinchZoomMap.cs using Guid(f0f7f3431b438ad4295feb161a37307b) Importer(815301076,1909f56bfc062723c751e8b465ee728b)  -> (artifact id: 'edc9ccaf0bc26beaa466a9e46b1155a5') in 0.100823 seconds
  Import took 0.463251 seconds .

========================================================================
Received Prepare
Registering precompiled user dll's ...
Registered in 0.000840 seconds.
Begin MonoManager ReloadAssembly
Native extension for LinuxStandalone target not found
Native extension for WindowsStandalone target not found
Native extension for WebGL target not found
Refreshing native plugins compatible for Editor in 0.52 ms, found 0 plugins.
Preloading 0 native plugins for Editor in 0.00 ms.
Mono: successfully reloaded assembly
- Completed reload, in  1.244 seconds
Platform modules already initialized, skipping
Switching build target platform(19) subTarget(0) extendedPlatform(0) -> platform(13) subTarget(589824) extendedPlatform(0)
Refreshing native plugins compatible for Editor in 0.69 ms, found 0 plugins.
Preloading 0 native plugins for Editor in 0.00 ms.
Unloading 1707 Unused Serialized files (Serialized files now loaded: 0)
System memory in use before: 82.1 MB.
System memory in use after: 82.2 MB.

Unloading 14 unused Assets to reduce memory usage. Loaded Objects now: 2281.
Total: 2.574000 ms (FindLiveObjects: 0.178000 ms CreateObjectMapping: 0.057500 ms MarkObjects: 2.243900 ms  DeleteObjects: 0.093600 ms)

AssetImportParameters requested are different than current active one (requested -> active):
  custom:graphics/normal-map-encoding: 01000000000000000000000000000000 -> 02000000000000000000000000000000
========================================================================
Received Import Request.
  Time since last request: 9.965066 seconds.
  path: Assets/Scripts/EditorScene/PinEditorManager.cs
  artifactKey: Guid(4cd41bed7ffa305499eaeb751a2d7511) Importer(815301076,1909f56bfc062723c751e8b465ee728b)
Start importing Assets/Scripts/EditorScene/PinEditorManager.cs using Guid(4cd41bed7ffa305499eaeb751a2d7511) Importer(815301076,1909f56bfc062723c751e8b465ee728b)  -> (artifact id: '759d2aec4fb2a2397a8c6a330881574d') in 0.060123 seconds
  Import took 0.239852 seconds .

========================================================================
Received Import Request.
  Time since last request: 168.480796 seconds.
  path: Assets/Scripts/EditorScene/PinchZoomMap.cs
  artifactKey: Guid(f0f7f3431b438ad4295feb161a37307b) Importer(815301076,1909f56bfc062723c751e8b465ee728b)
Start importing Assets/Scripts/EditorScene/PinchZoomMap.cs using Guid(f0f7f3431b438ad4295feb161a37307b) Importer(815301076,1909f56bfc062723c751e8b465ee728b)  -> (artifact id: '447e8459076fd61cafc0eab6db0021e7') in 0.002954 seconds
  Import took 0.247447 seconds .

========================================================================
Received Prepare
Registering precompiled user dll's ...
Registered in 0.000823 seconds.
Begin MonoManager ReloadAssembly
Native extension for LinuxStandalone target not found
Native extension for WindowsStandalone target not found
Native extension for WebGL target not found
Refreshing native plugins compatible for Editor in 0.45 ms, found 0 plugins.
Preloading 0 native plugins for Editor in 0.00 ms.
Mono: successfully reloaded assembly
- Completed reload, in  1.123 seconds
Platform modules already initialized, skipping
Switching build target platform(19) subTarget(0) extendedPlatform(0) -> platform(13) subTarget(589824) extendedPlatform(0)
Refreshing native plugins compatible for Editor in 0.62 ms, found 0 plugins.
Preloading 0 native plugins for Editor in 0.00 ms.
Unloading 1707 Unused Serialized files (Serialized files now loaded: 0)
System memory in use before: 82.1 MB.
System memory in use after: 82.2 MB.

Unloading 14 unused Assets to reduce memory usage. Loaded Objects now: 2285.
Total: 2.825000 ms (FindLiveObjects: 0.187900 ms CreateObjectMapping: 0.110800 ms MarkObjects: 2.481000 ms  DeleteObjects: 0.044200 ms)

AssetImportParameters requested are different than current active one (requested -> active):
  custom:graphics/normal-map-encoding: 01000000000000000000000000000000 -> 02000000000000000000000000000000
========================================================================
Received Prepare
Registering precompiled user dll's ...
Registered in 0.064617 seconds.
Begin MonoManager ReloadAssembly
Native extension for LinuxStandalone target not found
Native extension for WindowsStandalone target not found
Native extension for WebGL target not found
Refreshing native plugins compatible for Editor in 0.42 ms, found 0 plugins.
Preloading 0 native plugins for Editor in 0.00 ms.
Mono: successfully reloaded assembly
- Completed reload, in  8.469 seconds
Platform modules already initialized, skipping
Switching build target platform(19) subTarget(0) extendedPlatform(0) -> platform(13) subTarget(589824) extendedPlatform(0)
Refreshing native plugins compatible for Editor in 0.69 ms, found 0 plugins.
Preloading 0 native plugins for Editor in 0.00 ms.
Unloading 1707 Unused Serialized files (Serialized files now loaded: 0)
System memory in use before: 82.1 MB.
System memory in use after: 82.2 MB.

Unloading 14 unused Assets to reduce memory usage. Loaded Objects now: 2289.
Total: 2.284800 ms (FindLiveObjects: 0.193800 ms CreateObjectMapping: 0.061000 ms MarkObjects: 1.953900 ms  DeleteObjects: 0.075000 ms)

AssetImportParameters requested are different than current active one (requested -> active):
  custom:graphics/normal-map-encoding: 01000000000000000000000000000000 -> 02000000000000000000000000000000
========================================================================
Received Prepare
Registering precompiled user dll's ...
Registered in 0.000870 seconds.
Begin MonoManager ReloadAssembly
Native extension for LinuxStandalone target not found
Native extension for WindowsStandalone target not found
Native extension for WebGL target not found
Refreshing native plugins compatible for Editor in 0.45 ms, found 0 plugins.
Preloading 0 native plugins for Editor in 0.00 ms.
Mono: successfully reloaded assembly
- Completed reload, in  1.196 seconds
Platform modules already initialized, skipping
Switching build target platform(19) subTarget(0) extendedPlatform(0) -> platform(13) subTarget(589824) extendedPlatform(0)
Refreshing native plugins compatible for Editor in 0.44 ms, found 0 plugins.
Preloading 0 native plugins for Editor in 0.00 ms.
Unloading 1707 Unused Serialized files (Serialized files now loaded: 0)
System memory in use before: 82.1 MB.
System memory in use after: 82.2 MB.

Unloading 14 unused Assets to reduce memory usage. Loaded Objects now: 2293.
Total: 2.771200 ms (FindLiveObjects: 0.190200 ms CreateObjectMapping: 0.053700 ms MarkObjects: 2.414300 ms  DeleteObjects: 0.111800 ms)

AssetImportParameters requested are different than current active one (requested -> active):
  custom:graphics/normal-map-encoding: 01000000000000000000000000000000 -> 02000000000000000000000000000000
========================================================================
Received Import Request.
  Time since last request: 1641.073122 seconds.
  path: Assets/Scripts/UX
  artifactKey: Guid(02a12bc9566ff423d9c949cc6408db7c) Importer(815301076,1909f56bfc062723c751e8b465ee728b)
Start importing Assets/Scripts/UX using Guid(02a12bc9566ff423d9c949cc6408db7c) Importer(815301076,1909f56bfc062723c751e8b465ee728b)  -> (artifact id: '6530b8ec0bfa9ab58f93eca177703d62') in 0.061587 seconds
  Import took 0.069541 seconds .

========================================================================
Received Import Request.
  Time since last request: 53.608925 seconds.
  path: Assets/Scripts/EditorScene/TouchActions.inputactions
  artifactKey: Guid(49d79c7201b1aaf44bfb0bc6589d4c3d) Importer(815301076,1909f56bfc062723c751e8b465ee728b)
Start importing Assets/Scripts/EditorScene/TouchActions.inputactions using Guid(49d79c7201b1aaf44bfb0bc6589d4c3d) Importer(815301076,1909f56bfc062723c751e8b465ee728b)  -> (artifact id: '7fbdcba92b7ebddafb09f16476830fc8') in 1.771814 seconds
  Import took 1.808569 seconds .

========================================================================
Received Import Request.
  Time since last request: 729.454094 seconds.
  path: Assets/Scripts/EditorScene/TouchActions.inputactions
  artifactKey: Guid(49d79c7201b1aaf44bfb0bc6589d4c3d) Importer(815301076,1909f56bfc062723c751e8b465ee728b)
Start importing Assets/Scripts/EditorScene/TouchActions.inputactions using Guid(49d79c7201b1aaf44bfb0bc6589d4c3d) Importer(815301076,1909f56bfc062723c751e8b465ee728b)  -> (artifact id: 'dfa07f5ddcb2231855d92714c758126b') in 0.010057 seconds
  Import took 0.052003 seconds .

========================================================================
Received Import Request.
  Time since last request: 22.165551 seconds.
  path: Assets/Scripts/EditorScene/TouchActions.inputactions
  artifactKey: Guid(49d79c7201b1aaf44bfb0bc6589d4c3d) Importer(815301076,1909f56bfc062723c751e8b465ee728b)
Start importing Assets/Scripts/EditorScene/TouchActions.inputactions using Guid(49d79c7201b1aaf44bfb0bc6589d4c3d) Importer(815301076,1909f56bfc062723c751e8b465ee728b)  -> (artifact id: '57c9ce8739df0302bdc5fbc2cad9426e') in 0.005191 seconds
  Import took 0.041077 seconds .

========================================================================
Received Import Request.
  Time since last request: 0.052168 seconds.
  path: Assets/Scripts/EditorScene/TouchActions.inputactions
  artifactKey: Guid(49d79c7201b1aaf44bfb0bc6589d4c3d) Importer(815301076,1909f56bfc062723c751e8b465ee728b)
Start importing Assets/Scripts/EditorScene/TouchActions.inputactions using Guid(49d79c7201b1aaf44bfb0bc6589d4c3d) Importer(815301076,1909f56bfc062723c751e8b465ee728b)  -> (artifact id: '57c9ce8739df0302bdc5fbc2cad9426e') in 0.003956 seconds
  Import took 0.014181 seconds .

========================================================================
Received Import Request.
  Time since last request: 24.078801 seconds.
  path: Assets/Scripts/EditorScene/TouchActions.cs
  artifactKey: Guid(d0cae8dab8d92ed4fb18777cd550ae4a) Importer(815301076,1909f56bfc062723c751e8b465ee728b)
Start importing Assets/Scripts/EditorScene/TouchActions.cs using Guid(d0cae8dab8d92ed4fb18777cd550ae4a) Importer(815301076,1909f56bfc062723c751e8b465ee728b)  -> (artifact id: '1d72226680fb6a7550ca3f82ebaed3c4') in 0.002856 seconds
  Import took 0.033851 seconds .

========================================================================
Received Import Request.
  Time since last request: 0.007688 seconds.
  path: Assets/Scripts/EditorScene/TouchActions.cs
  artifactKey: Guid(d0cae8dab8d92ed4fb18777cd550ae4a) Importer(815301076,1909f56bfc062723c751e8b465ee728b)
Start importing Assets/Scripts/EditorScene/TouchActions.cs using Guid(d0cae8dab8d92ed4fb18777cd550ae4a) Importer(815301076,1909f56bfc062723c751e8b465ee728b)  -> (artifact id: '1d72226680fb6a7550ca3f82ebaed3c4') in 0.002401 seconds
  Import took 0.006198 seconds .

========================================================================
Received Prepare
Registering precompiled user dll's ...
Registered in 0.000884 seconds.
Begin MonoManager ReloadAssembly
Native extension for LinuxStandalone target not found
Native extension for WindowsStandalone target not found
Native extension for WebGL target not found
Refreshing native plugins compatible for Editor in 0.49 ms, found 0 plugins.
Preloading 0 native plugins for Editor in 0.00 ms.
Mono: successfully reloaded assembly
- Completed reload, in  1.312 seconds
Platform modules already initialized, skipping
Switching build target platform(19) subTarget(0) extendedPlatform(0) -> platform(13) subTarget(589824) extendedPlatform(0)
Refreshing native plugins compatible for Editor in 0.41 ms, found 0 plugins.
Preloading 0 native plugins for Editor in 0.00 ms.
Unloading 1707 Unused Serialized files (Serialized files now loaded: 0)
System memory in use before: 82.1 MB.
System memory in use after: 82.2 MB.

Unloading 14 unused Assets to reduce memory usage. Loaded Objects now: 2297.
Total: 2.818300 ms (FindLiveObjects: 0.192700 ms CreateObjectMapping: 0.053200 ms MarkObjects: 2.516700 ms  DeleteObjects: 0.054300 ms)

AssetImportParameters requested are different than current active one (requested -> active):
  custom:graphics/normal-map-encoding: 01000000000000000000000000000000 -> 02000000000000000000000000000000
========================================================================
Received Import Request.
  Time since last request: 53.490553 seconds.
  path: Assets/Scripts/EditorScene/TouchControls.inputactions
  artifactKey: Guid(bad4fca30045d9b4dbcd6101d7635d60) Importer(815301076,1909f56bfc062723c751e8b465ee728b)
Start importing Assets/Scripts/EditorScene/TouchControls.inputactions using Guid(bad4fca30045d9b4dbcd6101d7635d60) Importer(815301076,1909f56bfc062723c751e8b465ee728b)  -> (artifact id: '7b81b729fd10e4feaef04dadbe00805b') in 0.024083 seconds
  Import took 0.051456 seconds .

========================================================================
Received Import Request.
  Time since last request: 136.962937 seconds.
  path: Assets/Scripts/EditorScene/TouchControls.inputactions
  artifactKey: Guid(bad4fca30045d9b4dbcd6101d7635d60) Importer(815301076,1909f56bfc062723c751e8b465ee728b)
Start importing Assets/Scripts/EditorScene/TouchControls.inputactions using Guid(bad4fca30045d9b4dbcd6101d7635d60) Importer(815301076,1909f56bfc062723c751e8b465ee728b)  -> (artifact id: 'e7b6454be2ea3a5de0934fa059f1936f') in 0.011400 seconds
  Import took 0.076075 seconds .

========================================================================
Received Import Request.
  Time since last request: 10.964823 seconds.
  path: Assets/Scripts/EditorScene/TouchControls.inputactions
  artifactKey: Guid(bad4fca30045d9b4dbcd6101d7635d60) Importer(815301076,1909f56bfc062723c751e8b465ee728b)
Start importing Assets/Scripts/EditorScene/TouchControls.inputactions using Guid(bad4fca30045d9b4dbcd6101d7635d60) Importer(815301076,1909f56bfc062723c751e8b465ee728b)  -> (artifact id: '84eea98107b04bcdec7562743a220ec6') in 0.006127 seconds
  Import took 0.047660 seconds .

========================================================================
Received Import Request.
  Time since last request: 0.024064 seconds.
  path: Assets/Scripts/EditorScene/TouchControls.inputactions
  artifactKey: Guid(bad4fca30045d9b4dbcd6101d7635d60) Importer(815301076,1909f56bfc062723c751e8b465ee728b)
Start importing Assets/Scripts/EditorScene/TouchControls.inputactions using Guid(bad4fca30045d9b4dbcd6101d7635d60) Importer(815301076,1909f56bfc062723c751e8b465ee728b)  -> (artifact id: '84eea98107b04bcdec7562743a220ec6') in 0.004558 seconds
  Import took 0.011571 seconds .

========================================================================
Received Prepare
Registering precompiled user dll's ...
Registered in 0.000857 seconds.
Begin MonoManager ReloadAssembly
Native extension for LinuxStandalone target not found
Native extension for WindowsStandalone target not found
Native extension for WebGL target not found
Refreshing native plugins compatible for Editor in 0.47 ms, found 0 plugins.
Preloading 0 native plugins for Editor in 0.00 ms.
Mono: successfully reloaded assembly
- Completed reload, in  1.288 seconds
Platform modules already initialized, skipping
Switching build target platform(19) subTarget(0) extendedPlatform(0) -> platform(13) subTarget(589824) extendedPlatform(0)
Refreshing native plugins compatible for Editor in 0.48 ms, found 0 plugins.
Preloading 0 native plugins for Editor in 0.00 ms.
Unloading 1708 Unused Serialized files (Serialized files now loaded: 0)
System memory in use before: 82.1 MB.
System memory in use after: 82.2 MB.

Unloading 14 unused Assets to reduce memory usage. Loaded Objects now: 2302.
Total: 3.160000 ms (FindLiveObjects: 0.187500 ms CreateObjectMapping: 0.062300 ms MarkObjects: 2.857900 ms  DeleteObjects: 0.051200 ms)

AssetImportParameters requested are different than current active one (requested -> active):
  custom:graphics/normal-map-encoding: 01000000000000000000000000000000 -> 02000000000000000000000000000000
========================================================================
Received Import Request.
  Time since last request: 8.760384 seconds.
  path: Assets/Scripts/EditorScene/TouchControls.cs
  artifactKey: Guid(4def515b4bba3c54daf2077cfabbef23) Importer(815301076,1909f56bfc062723c751e8b465ee728b)
Start importing Assets/Scripts/EditorScene/TouchControls.cs using Guid(4def515b4bba3c54daf2077cfabbef23) Importer(815301076,1909f56bfc062723c751e8b465ee728b)  -> (artifact id: 'b3b8166a76e6669bce7f7777afac219c') in 0.006936 seconds
  Import took 0.010154 seconds .

========================================================================
Received Import Request.
  Time since last request: 0.000735 seconds.
  path: Assets/Scripts/EditorScene/TouchControls.cs
  artifactKey: Guid(4def515b4bba3c54daf2077cfabbef23) Importer(815301076,1909f56bfc062723c751e8b465ee728b)
Start importing Assets/Scripts/EditorScene/TouchControls.cs using Guid(4def515b4bba3c54daf2077cfabbef23) Importer(815301076,1909f56bfc062723c751e8b465ee728b)  -> (artifact id: 'b3b8166a76e6669bce7f7777afac219c') in 0.001815 seconds
  Import took 0.005486 seconds .

========================================================================
Received Prepare
Registering precompiled user dll's ...
Registered in 0.000777 seconds.
Begin MonoManager ReloadAssembly
Native extension for LinuxStandalone target not found
Native extension for WindowsStandalone target not found
Native extension for WebGL target not found
Refreshing native plugins compatible for Editor in 0.60 ms, found 0 plugins.
Preloading 0 native plugins for Editor in 0.00 ms.
Mono: successfully reloaded assembly
- Completed reload, in  1.103 seconds
Platform modules already initialized, skipping
Switching build target platform(19) subTarget(0) extendedPlatform(0) -> platform(13) subTarget(589824) extendedPlatform(0)
Refreshing native plugins compatible for Editor in 0.49 ms, found 0 plugins.
Preloading 0 native plugins for Editor in 0.00 ms.
Unloading 1708 Unused Serialized files (Serialized files now loaded: 0)
System memory in use before: 82.2 MB.
System memory in use after: 82.3 MB.

Unloading 14 unused Assets to reduce memory usage. Loaded Objects now: 2306.
Total: 2.274400 ms (FindLiveObjects: 0.194300 ms CreateObjectMapping: 0.065300 ms MarkObjects: 1.949600 ms  DeleteObjects: 0.064300 ms)

AssetImportParameters requested are different than current active one (requested -> active):
  custom:graphics/normal-map-encoding: 01000000000000000000000000000000 -> 02000000000000000000000000000000
========================================================================
Received Prepare
Registering precompiled user dll's ...
Registered in 0.001144 seconds.
Begin MonoManager ReloadAssembly
Native extension for LinuxStandalone target not found
Native extension for WindowsStandalone target not found
Native extension for WebGL target not found
Refreshing native plugins compatible for Editor in 0.71 ms, found 0 plugins.
Preloading 0 native plugins for Editor in 0.00 ms.
Mono: successfully reloaded assembly
- Completed reload, in  1.111 seconds
Platform modules already initialized, skipping
Switching build target platform(19) subTarget(0) extendedPlatform(0) -> platform(13) subTarget(589824) extendedPlatform(0)
Refreshing native plugins compatible for Editor in 0.44 ms, found 0 plugins.
Preloading 0 native plugins for Editor in 0.00 ms.
Unloading 1708 Unused Serialized files (Serialized files now loaded: 0)
System memory in use before: 82.2 MB.
System memory in use after: 82.3 MB.

Unloading 14 unused Assets to reduce memory usage. Loaded Objects now: 2310.
Total: 2.367500 ms (FindLiveObjects: 0.193500 ms CreateObjectMapping: 0.052500 ms MarkObjects: 2.063900 ms  DeleteObjects: 0.056600 ms)

AssetImportParameters requested are different than current active one (requested -> active):
  custom:graphics/normal-map-encoding: 01000000000000000000000000000000 -> 02000000000000000000000000000000
========================================================================
Received Prepare
Registering precompiled user dll's ...
Registered in 0.000813 seconds.
Begin MonoManager ReloadAssembly
Native extension for LinuxStandalone target not found
Native extension for WindowsStandalone target not found
Native extension for WebGL target not found
Refreshing native plugins compatible for Editor in 0.44 ms, found 0 plugins.
Preloading 0 native plugins for Editor in 0.00 ms.
Mono: successfully reloaded assembly
- Completed reload, in  1.341 seconds
Platform modules already initialized, skipping
Switching build target platform(19) subTarget(0) extendedPlatform(0) -> platform(13) subTarget(589824) extendedPlatform(0)
Refreshing native plugins compatible for Editor in 0.51 ms, found 0 plugins.
Preloading 0 native plugins for Editor in 0.00 ms.
Unloading 1708 Unused Serialized files (Serialized files now loaded: 0)
System memory in use before: 82.2 MB.
System memory in use after: 82.3 MB.

Unloading 14 unused Assets to reduce memory usage. Loaded Objects now: 2314.
Total: 2.575600 ms (FindLiveObjects: 0.200100 ms CreateObjectMapping: 0.061500 ms MarkObjects: 2.246000 ms  DeleteObjects: 0.066900 ms)

AssetImportParameters requested are different than current active one (requested -> active):
  custom:graphics/normal-map-encoding: 01000000000000000000000000000000 -> 02000000000000000000000000000000
========================================================================
Received Prepare
Registering precompiled user dll's ...
Registered in 0.000908 seconds.
Begin MonoManager ReloadAssembly
Native extension for LinuxStandalone target not found
Native extension for WindowsStandalone target not found
Native extension for WebGL target not found
Refreshing native plugins compatible for Editor in 0.54 ms, found 0 plugins.
Preloading 0 native plugins for Editor in 0.00 ms.
Mono: successfully reloaded assembly
- Completed reload, in  1.344 seconds
Platform modules already initialized, skipping
Switching build target platform(19) subTarget(0) extendedPlatform(0) -> platform(13) subTarget(589824) extendedPlatform(0)
Refreshing native plugins compatible for Editor in 0.43 ms, found 0 plugins.
Preloading 0 native plugins for Editor in 0.00 ms.
Unloading 1708 Unused Serialized files (Serialized files now loaded: 0)
System memory in use before: 82.2 MB.
System memory in use after: 82.3 MB.

Unloading 13 unused Assets to reduce memory usage. Loaded Objects now: 2319.
Total: 2.530600 ms (FindLiveObjects: 0.216500 ms CreateObjectMapping: 0.066900 ms MarkObjects: 2.166400 ms  DeleteObjects: 0.079700 ms)

AssetImportParameters requested are different than current active one (requested -> active):
  custom:graphics/normal-map-encoding: 01000000000000000000000000000000 -> 02000000000000000000000000000000
========================================================================
Received Prepare
Refreshing native plugins compatible for Editor in 20.50 ms, found 0 plugins.
Preloading 0 native plugins for Editor in 0.00 ms.
Unloading 9 Unused Serialized files (Serialized files now loaded: 0)
System memory in use before: 48.5 MB.
System memory in use after: 48.7 MB.

Unloading 9 unused Assets to reduce memory usage. Loaded Objects now: 2319.
Total: 3.416400 ms (FindLiveObjects: 0.234900 ms CreateObjectMapping: 0.070200 ms MarkObjects: 3.072100 ms  DeleteObjects: 0.038000 ms)

========================================================================
Received Prepare
Registering precompiled user dll's ...
Registered in 0.063802 seconds.
Begin MonoManager ReloadAssembly
Native extension for LinuxStandalone target not found
Native extension for WindowsStandalone target not found
Native extension for WebGL target not found
Refreshing native plugins compatible for Editor in 0.49 ms, found 0 plugins.
Preloading 0 native plugins for Editor in 0.00 ms.
Mono: successfully reloaded assembly
- Completed reload, in  4.409 seconds
Platform modules already initialized, skipping
Switching build target platform(19) subTarget(0) extendedPlatform(0) -> platform(13) subTarget(589824) extendedPlatform(0)
Refreshing native plugins compatible for Editor in 0.46 ms, found 0 plugins.
Preloading 0 native plugins for Editor in 0.00 ms.
Unloading 1707 Unused Serialized files (Serialized files now loaded: 0)
System memory in use before: 81.9 MB.
System memory in use after: 82.1 MB.

Unloading 13 unused Assets to reduce memory usage. Loaded Objects now: 2323.
Total: 3.149000 ms (FindLiveObjects: 0.293400 ms CreateObjectMapping: 0.061300 ms MarkObjects: 2.692400 ms  DeleteObjects: 0.100200 ms)

AssetImportParameters requested are different than current active one (requested -> active):
  custom:graphics/normal-map-encoding: 01000000000000000000000000000000 -> 02000000000000000000000000000000
========================================================================
Received Prepare
Registering precompiled user dll's ...
Registered in 0.043157 seconds.
Begin MonoManager ReloadAssembly
Native extension for LinuxStandalone target not found
Native extension for WindowsStandalone target not found
Native extension for WebGL target not found
Refreshing native plugins compatible for Editor in 0.49 ms, found 0 plugins.
Preloading 0 native plugins for Editor in 0.00 ms.
Mono: successfully reloaded assembly
- Completed reload, in  2.548 seconds
Platform modules already initialized, skipping
Switching build target platform(19) subTarget(0) extendedPlatform(0) -> platform(13) subTarget(589824) extendedPlatform(0)
Refreshing native plugins compatible for Editor in 0.63 ms, found 0 plugins.
Preloading 0 native plugins for Editor in 0.00 ms.
Unloading 1707 Unused Serialized files (Serialized files now loaded: 0)
System memory in use before: 82.0 MB.
System memory in use after: 82.1 MB.

Unloading 13 unused Assets to reduce memory usage. Loaded Objects now: 2327.
Total: 2.496600 ms (FindLiveObjects: 0.316800 ms CreateObjectMapping: 0.082400 ms MarkObjects: 2.064700 ms  DeleteObjects: 0.031700 ms)

AssetImportParameters requested are different than current active one (requested -> active):
  custom:graphics/normal-map-encoding: 01000000000000000000000000000000 -> 02000000000000000000000000000000
========================================================================
Received Prepare
Registering precompiled user dll's ...
Registered in 0.000810 seconds.
Begin MonoManager ReloadAssembly
Native extension for LinuxStandalone target not found
Native extension for WindowsStandalone target not found
Native extension for WebGL target not found
Refreshing native plugins compatible for Editor in 0.54 ms, found 0 plugins.
Preloading 0 native plugins for Editor in 0.00 ms.
Mono: successfully reloaded assembly
- Completed reload, in  1.616 seconds
Platform modules already initialized, skipping
Switching build target platform(19) subTarget(0) extendedPlatform(0) -> platform(13) subTarget(589824) extendedPlatform(0)
Refreshing native plugins compatible for Editor in 0.55 ms, found 0 plugins.
Preloading 0 native plugins for Editor in 0.00 ms.
Unloading 1707 Unused Serialized files (Serialized files now loaded: 0)
System memory in use before: 82.0 MB.
System memory in use after: 82.1 MB.

Unloading 14 unused Assets to reduce memory usage. Loaded Objects now: 2330.
Total: 2.411200 ms (FindLiveObjects: 0.271800 ms CreateObjectMapping: 0.086500 ms MarkObjects: 2.004800 ms  DeleteObjects: 0.047100 ms)

AssetImportParameters requested are different than current active one (requested -> active):
  custom:graphics/normal-map-encoding: 01000000000000000000000000000000 -> 02000000000000000000000000000000
========================================================================
Received Prepare
Registering precompiled user dll's ...
Registered in 0.023808 seconds.
Begin MonoManager ReloadAssembly
Native extension for LinuxStandalone target not found
Native extension for WindowsStandalone target not found
Native extension for WebGL target not found
Refreshing native plugins compatible for Editor in 0.61 ms, found 0 plugins.
Preloading 0 native plugins for Editor in 0.00 ms.
Mono: successfully reloaded assembly
- Completed reload, in  4.154 seconds
Platform modules already initialized, skipping
Switching build target platform(19) subTarget(0) extendedPlatform(0) -> platform(13) subTarget(589824) extendedPlatform(0)
Refreshing native plugins compatible for Editor in 0.43 ms, found 0 plugins.
Preloading 0 native plugins for Editor in 0.00 ms.
Unloading 1708 Unused Serialized files (Serialized files now loaded: 0)
System memory in use before: 82.2 MB.
System memory in use after: 82.3 MB.

Unloading 14 unused Assets to reduce memory usage. Loaded Objects now: 2334.
Total: 2.715000 ms (FindLiveObjects: 0.190900 ms CreateObjectMapping: 0.058400 ms MarkObjects: 2.375200 ms  DeleteObjects: 0.089200 ms)

AssetImportParameters requested are different than current active one (requested -> active):
  custom:graphics/normal-map-encoding: 01000000000000000000000000000000 -> 02000000000000000000000000000000
========================================================================
Received Prepare
Refreshing native plugins compatible for Editor in 2.05 ms, found 0 plugins.
Preloading 0 native plugins for Editor in 0.00 ms.
Unloading 10 Unused Serialized files (Serialized files now loaded: 0)
System memory in use before: 48.7 MB.
System memory in use after: 48.8 MB.

Unloading 10 unused Assets to reduce memory usage. Loaded Objects now: 2334.
Total: 3.712600 ms (FindLiveObjects: 0.628100 ms CreateObjectMapping: 0.130700 ms MarkObjects: 2.844200 ms  DeleteObjects: 0.107500 ms)

========================================================================
Received Prepare
Registering precompiled user dll's ...
Registered in 0.000752 seconds.
Begin MonoManager ReloadAssembly
Native extension for LinuxStandalone target not found
Native extension for WindowsStandalone target not found
Native extension for WebGL target not found
Refreshing native plugins compatible for Editor in 0.61 ms, found 0 plugins.
Preloading 0 native plugins for Editor in 0.00 ms.
Mono: successfully reloaded assembly
- Completed reload, in  2.160 seconds
Platform modules already initialized, skipping
Switching build target platform(19) subTarget(0) extendedPlatform(0) -> platform(13) subTarget(589824) extendedPlatform(0)
Refreshing native plugins compatible for Editor in 0.65 ms, found 0 plugins.
Preloading 0 native plugins for Editor in 0.00 ms.
Unloading 1708 Unused Serialized files (Serialized files now loaded: 0)
System memory in use before: 82.2 MB.
System memory in use after: 82.3 MB.

Unloading 14 unused Assets to reduce memory usage. Loaded Objects now: 2338.
Total: 3.374900 ms (FindLiveObjects: 0.227300 ms CreateObjectMapping: 0.059600 ms MarkObjects: 2.941000 ms  DeleteObjects: 0.145900 ms)

AssetImportParameters requested are different than current active one (requested -> active):
  custom:graphics/normal-map-encoding: 01000000000000000000000000000000 -> 02000000000000000000000000000000
========================================================================
Received Prepare
Registering precompiled user dll's ...
Registered in 0.000679 seconds.
Begin MonoManager ReloadAssembly
Native extension for LinuxStandalone target not found
Native extension for WindowsStandalone target not found
Native extension for WebGL target not found
Refreshing native plugins compatible for Editor in 0.71 ms, found 0 plugins.
Preloading 0 native plugins for Editor in 0.00 ms.
Mono: successfully reloaded assembly
- Completed reload, in  1.667 seconds
Platform modules already initialized, skipping
Switching build target platform(19) subTarget(0) extendedPlatform(0) -> platform(13) subTarget(589824) extendedPlatform(0)
Refreshing native plugins compatible for Editor in 0.42 ms, found 0 plugins.
Preloading 0 native plugins for Editor in 0.00 ms.
Unloading 1708 Unused Serialized files (Serialized files now loaded: 0)
System memory in use before: 82.3 MB.
System memory in use after: 82.4 MB.

Unloading 14 unused Assets to reduce memory usage. Loaded Objects now: 2342.
Total: 2.133900 ms (FindLiveObjects: 0.198500 ms CreateObjectMapping: 0.111600 ms MarkObjects: 1.742800 ms  DeleteObjects: 0.079900 ms)

AssetImportParameters requested are different than current active one (requested -> active):
  custom:graphics/normal-map-encoding: 01000000000000000000000000000000 -> 02000000000000000000000000000000
========================================================================
Received Prepare
Refreshing native plugins compatible for Editor in 2.72 ms, found 0 plugins.
Preloading 0 native plugins for Editor in 0.00 ms.
Unloading 10 Unused Serialized files (Serialized files now loaded: 0)
System memory in use before: 48.7 MB.
System memory in use after: 48.8 MB.

Unloading 10 unused Assets to reduce memory usage. Loaded Objects now: 2342.
Total: 2.832900 ms (FindLiveObjects: 0.203700 ms CreateObjectMapping: 0.052600 ms MarkObjects: 2.476000 ms  DeleteObjects: 0.099600 ms)

========================================================================
Received Prepare
Registering precompiled user dll's ...
Registered in 0.000691 seconds.
Begin MonoManager ReloadAssembly
Native extension for LinuxStandalone target not found
Native extension for WindowsStandalone target not found
Native extension for WebGL target not found
Refreshing native plugins compatible for Editor in 0.59 ms, found 0 plugins.
Preloading 0 native plugins for Editor in 0.00 ms.
Mono: successfully reloaded assembly
- Completed reload, in  3.204 seconds
Platform modules already initialized, skipping
Switching build target platform(19) subTarget(0) extendedPlatform(0) -> platform(13) subTarget(589824) extendedPlatform(0)
Refreshing native plugins compatible for Editor in 0.43 ms, found 0 plugins.
Preloading 0 native plugins for Editor in 0.00 ms.
Unloading 1708 Unused Serialized files (Serialized files now loaded: 0)
System memory in use before: 82.4 MB.
System memory in use after: 82.5 MB.

Unloading 14 unused Assets to reduce memory usage. Loaded Objects now: 2346.
Total: 2.585300 ms (FindLiveObjects: 0.191900 ms CreateObjectMapping: 0.059100 ms MarkObjects: 2.217600 ms  DeleteObjects: 0.115800 ms)

AssetImportParameters requested are different than current active one (requested -> active):
  custom:graphics/normal-map-encoding: 01000000000000000000000000000000 -> 02000000000000000000000000000000
========================================================================
Received Prepare
Refreshing native plugins compatible for Editor in 61.56 ms, found 0 plugins.
Preloading 0 native plugins for Editor in 0.00 ms.
Unloading 10 Unused Serialized files (Serialized files now loaded: 0)
System memory in use before: 48.9 MB.
System memory in use after: 49.0 MB.

Unloading 10 unused Assets to reduce memory usage. Loaded Objects now: 2346.
Total: 56.271100 ms (FindLiveObjects: 0.190700 ms CreateObjectMapping: 0.048800 ms MarkObjects: 55.927900 ms  DeleteObjects: 0.080900 ms)

========================================================================
Received Prepare
Registering precompiled user dll's ...
Registered in 0.000639 seconds.
Begin MonoManager ReloadAssembly
Native extension for LinuxStandalone target not found
Native extension for WindowsStandalone target not found
Native extension for WebGL target not found
Refreshing native plugins compatible for Editor in 0.57 ms, found 0 plugins.
Preloading 0 native plugins for Editor in 0.00 ms.
Mono: successfully reloaded assembly
- Completed reload, in  3.911 seconds
Platform modules already initialized, skipping
Switching build target platform(19) subTarget(0) extendedPlatform(0) -> platform(13) subTarget(589824) extendedPlatform(0)
Refreshing native plugins compatible for Editor in 0.56 ms, found 0 plugins.
Preloading 0 native plugins for Editor in 0.00 ms.
Unloading 1708 Unused Serialized files (Serialized files now loaded: 0)
System memory in use before: 82.4 MB.
System memory in use after: 82.5 MB.

Unloading 14 unused Assets to reduce memory usage. Loaded Objects now: 2350.
Total: 2.549600 ms (FindLiveObjects: 0.222500 ms CreateObjectMapping: 0.064400 ms MarkObjects: 2.166700 ms  DeleteObjects: 0.094500 ms)

AssetImportParameters requested are different than current active one (requested -> active):
  custom:graphics/normal-map-encoding: 01000000000000000000000000000000 -> 02000000000000000000000000000000
========================================================================
Received Prepare
Refreshing native plugins compatible for Editor in 2.58 ms, found 0 plugins.
Preloading 0 native plugins for Editor in 0.00 ms.
Unloading 10 Unused Serialized files (Serialized files now loaded: 0)
System memory in use before: 48.9 MB.
System memory in use after: 49.0 MB.

Unloading 10 unused Assets to reduce memory usage. Loaded Objects now: 2350.
Total: 2.828800 ms (FindLiveObjects: 0.229100 ms CreateObjectMapping: 0.052400 ms MarkObjects: 2.454400 ms  DeleteObjects: 0.091500 ms)

========================================================================
Received Prepare
Registering precompiled user dll's ...
Registered in 0.000626 seconds.
Begin MonoManager ReloadAssembly
Native extension for LinuxStandalone target not found
Native extension for WindowsStandalone target not found
Native extension for WebGL target not found
Refreshing native plugins compatible for Editor in 0.48 ms, found 0 plugins.
Preloading 0 native plugins for Editor in 0.00 ms.
Mono: successfully reloaded assembly
- Completed reload, in  3.399 seconds
Platform modules already initialized, skipping
Switching build target platform(19) subTarget(0) extendedPlatform(0) -> platform(13) subTarget(589824) extendedPlatform(0)
Refreshing native plugins compatible for Editor in 0.41 ms, found 0 plugins.
Preloading 0 native plugins for Editor in 0.00 ms.
Unloading 1708 Unused Serialized files (Serialized files now loaded: 0)
System memory in use before: 82.4 MB.
System memory in use after: 82.5 MB.

Unloading 14 unused Assets to reduce memory usage. Loaded Objects now: 2354.
Total: 2.382900 ms (FindLiveObjects: 0.201000 ms CreateObjectMapping: 0.054200 ms MarkObjects: 2.053000 ms  DeleteObjects: 0.073600 ms)

AssetImportParameters requested are different than current active one (requested -> active):
  custom:graphics/normal-map-encoding: 01000000000000000000000000000000 -> 02000000000000000000000000000000
AssetImportWorkerClient::OnTransportError - code=2 error=End of file
